c:\users\nitish bhaskar\desktop\hw4_latest\parser\debug\parser.pdb
c:\users\nitish bhaskar\desktop\hw4_latest\parser\debug\parser.idb
c:\users\nitish bhaskar\desktop\hw4_latest\parser\debug\dependencyanalyzer.obj
c:\users\nitish bhaskar\desktop\hw4_latest\parser\debug\filesystem.obj
c:\users\nitish bhaskar\desktop\hw4_latest\parser\debug\scopestack.obj
c:\users\nitish bhaskar\desktop\hw4_latest\parser\debug\semiexp.obj
c:\users\nitish bhaskar\desktop\hw4_latest\parser\debug\tokenizer.obj
c:\users\nitish bhaskar\desktop\hw4_latest\parser\debug\utilities.obj
c:\users\nitish bhaskar\desktop\hw4_latest\parser\debug\abstracttree.obj
c:\users\nitish bhaskar\desktop\hw4_latest\parser\debug\actionsandrules.obj
c:\users\nitish bhaskar\desktop\hw4_latest\parser\debug\configureparser.obj
c:\users\nitish bhaskar\desktop\hw4_latest\parser\debug\analyser.obj
c:\users\nitish bhaskar\desktop\hw4_latest\parser\debug\parser.obj
c:\users\nitish bhaskar\desktop\hw4_latest\debug\parser.lib
c:\users\nitish bhaskar\desktop\hw4_latest\debug\parser.pdb
c:\users\nitish bhaskar\desktop\hw4_latest\parser\debug\parser.tlog\cl.command.1.tlog
c:\users\nitish bhaskar\desktop\hw4_latest\parser\debug\parser.tlog\cl.read.1.tlog
c:\users\nitish bhaskar\desktop\hw4_latest\parser\debug\parser.tlog\cl.write.1.tlog
c:\users\nitish bhaskar\desktop\hw4_latest\parser\debug\parser.tlog\lib-link.read.1.tlog
c:\users\nitish bhaskar\desktop\hw4_latest\parser\debug\parser.tlog\lib-link.write.1.tlog
c:\users\nitish bhaskar\desktop\hw4_latest\parser\debug\parser.tlog\lib.command.1.tlog
