c:\users\nitish bhaskar\desktop\hw4_latest\msgclient\debug\vc140.pdb
c:\users\nitish bhaskar\desktop\hw4_latest\msgclient\debug\vc140.idb
c:\users\nitish bhaskar\desktop\hw4_latest\msgclient\debug\dependencyanalyzer.obj
c:\users\nitish bhaskar\desktop\hw4_latest\msgclient\debug\filemgr.obj
c:\users\nitish bhaskar\desktop\hw4_latest\msgclient\debug\filesystem.obj
c:\users\nitish bhaskar\desktop\hw4_latest\msgclient\debug\httpmessage.obj
c:\users\nitish bhaskar\desktop\hw4_latest\msgclient\debug\cpp11-blockingqueue.obj
c:\users\nitish bhaskar\desktop\hw4_latest\msgclient\debug\logger.obj
c:\users\nitish bhaskar\desktop\hw4_latest\msgclient\debug\paralleldependencyanalysis.obj
c:\users\nitish bhaskar\desktop\hw4_latest\msgclient\debug\abstracttree.obj
c:\users\nitish bhaskar\desktop\hw4_latest\msgclient\debug\actionsandrules.obj
c:\users\nitish bhaskar\desktop\hw4_latest\msgclient\debug\analyser.obj
c:\users\nitish bhaskar\desktop\hw4_latest\msgclient\debug\configureparser.obj
c:\users\nitish bhaskar\desktop\hw4_latest\msgclient\debug\parser.obj
c:\users\nitish bhaskar\desktop\hw4_latest\msgclient\debug\scopestack.obj
c:\users\nitish bhaskar\desktop\hw4_latest\msgclient\debug\semiexp.obj
c:\users\nitish bhaskar\desktop\hw4_latest\msgclient\debug\sockets.obj
c:\users\nitish bhaskar\desktop\hw4_latest\msgclient\debug\tokenizer.obj
c:\users\nitish bhaskar\desktop\hw4_latest\msgclient\debug\utilities.obj
c:\users\nitish bhaskar\desktop\hw4_latest\msgclient\debug\msgclient.obj
c:\users\nitish bhaskar\desktop\hw4_latest\debug\msgclient.ilk
c:\users\nitish bhaskar\desktop\hw4_latest\debug\msgclient.exe
c:\users\nitish bhaskar\desktop\hw4_latest\debug\msgclient.pdb
c:\users\nitish bhaskar\desktop\hw4_latest\msgclient\debug\msgclient.tlog\cl.command.1.tlog
c:\users\nitish bhaskar\desktop\hw4_latest\msgclient\debug\msgclient.tlog\cl.read.1.tlog
c:\users\nitish bhaskar\desktop\hw4_latest\msgclient\debug\msgclient.tlog\cl.write.1.tlog
c:\users\nitish bhaskar\desktop\hw4_latest\msgclient\debug\msgclient.tlog\link.command.1.tlog
c:\users\nitish bhaskar\desktop\hw4_latest\msgclient\debug\msgclient.tlog\link.read.1.tlog
c:\users\nitish bhaskar\desktop\hw4_latest\msgclient\debug\msgclient.tlog\link.write.1.tlog
